<?xml version="1.0" encoding="UTF-8"?>
<!-- Generated by org.testng.reporters.JUnitReportReporter -->
<testsuite hostname="DESKTOP-URHT7FC" failures="0" tests="1" name="testcases.TC007_parallel" time="17.137" errors="0" timestamp="2020-04-27T20:23:35 IST" skipped="0">
  <testcase classname="testcases.TC007_parallel" name="testcase" time="17.137"/>
  <system-out/>
</testsuite> <!-- testcases.TC007_parallel -->
