<?xml version="1.0" encoding="UTF-8"?>
<!-- Generated by org.testng.reporters.JUnitReportReporter -->
<testsuite hostname="DESKTOP-URHT7FC" failures="0" tests="1" name="testcases.test_1" time="0.588" errors="0" timestamp="2020-04-15T21:32:55 IST" skipped="0">
  <testcase classname="testcases.test_1" name="testcase" time="0.588"/>
  <system-out/>
</testsuite> <!-- testcases.test_1 -->
