<?xml version="1.0" encoding="UTF-8"?>
<!-- Generated by org.testng.reporters.JUnitReportReporter -->
<testsuite hostname="DESKTOP-URHT7FC" failures="0" tests="1" name="testcases.STOCK" time="26.120" errors="0" timestamp="2020-05-04T23:35:55 IST" skipped="0">
  <testcase classname="testcases.STOCK" name="testcase" time="26.120"/>
  <system-out/>
</testsuite> <!-- testcases.STOCK -->
