<?xml version="1.0" encoding="UTF-8"?>
<!-- Generated by org.testng.reporters.JUnitReportReporter -->
<testsuite hostname="DESKTOP-URHT7FC" failures="0" tests="1" name="testcases.TC008_parallel" time="16.208" errors="0" timestamp="2020-04-27T20:23:35 IST" skipped="0">
  <testcase classname="testcases.TC008_parallel" name="testcase" time="16.208"/>
  <system-out/>
</testsuite> <!-- testcases.TC008_parallel -->
