<?xml version="1.0" encoding="UTF-8"?>
<!-- Generated by org.testng.reporters.JUnitReportReporter -->
<testsuite hostname="DESKTOP-URHT7FC" failures="0" tests="1" name="testcases.TC011_CI" time="8.942" errors="0" timestamp="2020-05-09T18:48:17 IST" skipped="0">
  <testcase classname="testcases.TC011_CI" name="testcase" time="8.942"/>
  <system-out/>
</testsuite> <!-- testcases.TC011_CI -->
