<?xml version="1.0" encoding="UTF-8"?>
<!-- Generated by org.testng.reporters.JUnitReportReporter -->
<testsuite hostname="DESKTOP-URHT7FC" failures="0" tests="1" name="testcases.TC010_parallel" time="8.412" errors="0" timestamp="2020-04-27T20:23:35 IST" skipped="0">
  <testcase classname="testcases.TC010_parallel" name="testcase" time="8.412"/>
  <system-out/>
</testsuite> <!-- testcases.TC010_parallel -->
